<?xml version="1.0" encoding="UTF-8"?>
<testsuite name="GlobalTests" tests="1" skipped="0" failures="0" errors="0" timestamp="2024-01-15T13:16:01" hostname="DESKTOP-LGEUUDN" time="0.019">
  <properties/>
  <testcase name="start" classname="GlobalTests" time="0.019"/>
  <system-out><![CDATA[?[1;31m
Start test 1 (2)?[0m
Welcome to the traffic management system!
Input the number of roads: 
> 5
Input the interval: 
> 3
Menu:
1. Add road
2. Delete road
3. Open system
0. Quit

> 0
Bye!
?[1;31m
Start test 2 (3)?[0m
?[1;31m
Start test 3 (4)?[0m
?[1;31m
Start test 4 (5)?[0m
?[1;31m
Start test 5 (6)?[0m
?[1;31m
Start test 6 (7)?[0m
?[1;31m
Start test 7 (8)?[0m
?[1;31m
Start test 8 (9)?[0m
?[1;31m
Start test 9 (10)?[0m
?[1;31m
Start test 10 (11)?[0m
?[1;31m
Start test 11 (12)?[0m
?[1;31m
Start test 12 (13)?[0m
?[1;31m
Start test 13 (14)?[0m
?[1;31m
Start test 14 (15)?[0m
?[1;31m
Start test 15 (16)?[0m
?[1;31m
Start test 16 (17)?[0m
?[1;31m
Start test 17 (18)?[0m
?[1;31m
Start test 18 (19)?[0m
]]></system-out>
  <system-err><![CDATA[]]></system-err>
</testsuite>
