<?xml version="1.0" encoding="UTF-8"?>
<testsuite name="TrafficLightTest" tests="1" skipped="0" failures="0" errors="0" timestamp="2024-01-15T13:16:01" hostname="DESKTOP-LGEUUDN" time="0.064">
  <properties/>
  <testcase name="start" classname="TrafficLightTest" time="0.064"/>
  <system-out><![CDATA[?[1;31m
Start test 1?[0m
Welcome to the traffic management system!
Input the number of roads: 
> 5
Input the interval: 
> 3
Menu:
1. Add road
2. Delete road
3. Open system
0. Quit

> 1
Road added
Menu:
1. Add road
2. Delete road
3. Open system
0. Quit

> 2
Road deleted
Menu:
1. Add road
2. Delete road
3. Open system
0. Quit

> 3
System opened
Menu:
1. Add road
2. Delete road
3. Open system
0. Quit

> 0
Bye!
]]></system-out>
  <system-err><![CDATA[]]></system-err>
</testsuite>
